2025-08-07 18:51:13,857 - INFO - Starting CoinGecko API-based memecoin scraper...
2025-08-07 18:51:13,857 - INFO - Trying API approach...
2025-08-07 18:51:14,724 - INFO - Retrieved 250 coins from API
2025-08-07 18:51:14,724 - INFO - Processing 10 coins for Solana contracts...
2025-08-07 18:51:14,724 - INFO - Processing coin 1/10: dogecoin
2025-08-07 18:51:16,406 - INFO - Processing coin 2/10: shiba-inu
2025-08-07 18:51:18,125 - INFO - Processing coin 3/10: pepe
2025-08-07 18:51:19,839 - INFO - Processing coin 4/10: pudgy-penguins
2025-08-07 18:51:20,336 - INFO - Found Solana coin: Pudgy Penguins - 2zMMhcVQEXDtdE6vsFS7S7D5oUodfJHE8vd1gnBouauv
2025-08-07 18:51:21,836 - INFO - Processing coin 5/10: bonk
2025-08-07 18:51:21,885 - WARNING - Rate limited. Waiting 5s before retry...
2025-08-07 18:51:23,470 - INFO - Starting CoinGecko API-based memecoin scraper...
2025-08-07 18:51:23,470 - INFO - Trying API approach...
2025-08-07 18:51:23,633 - WARNING - Rate limited. Waiting 5s before retry...
2025-08-07 18:51:28,728 - WARNING - Rate limited. Waiting 10s before retry...
2025-08-07 18:51:38,848 - WARNING - Rate limited. Waiting 20s before retry...
2025-08-07 18:51:46,056 - WARNING - Rate limited. Waiting 5s before retry...
2025-08-07 18:51:51,131 - WARNING - Rate limited. Waiting 10s before retry...
2025-08-07 18:52:01,158 - WARNING - Rate limited. Waiting 20s before retry...
2025-08-07 18:52:21,158 - ERROR - All attempts failed for https://api.coingecko.com/api/v3/coins/bonk
2025-08-07 18:52:21,158 - WARNING - Failed to get details for coin bonk
2025-08-07 18:52:21,207 - WARNING - Rate limited. Waiting 5s before retry...
2025-08-07 18:52:42,106 - INFO - Retrieved 250 coins from API
2025-08-07 18:52:51,248 - WARNING - Rate limited. Waiting 5s before retry...
