2025-07-30 13:29:34,217 - INFO - Loaded 5 Helius API keys
2025-07-30 13:29:34,219 - INFO - Batch 1/5 (size=1)
2025-07-30 13:29:34,220 - INFO - Processing token: X3qPC4HYu3DBSxGYbevftb16RJYNm3c87qV1z3tDXRj
2025-07-30 13:29:35,247 - INFO - Found 50 signatures for X3qPC4HYu3DBSxGYbevftb16RJYNm3c87qV1z3tDXRj
2025-07-30 13:29:36,715 - INFO - Found 2 swap transactions for X3qPC4HYu3DBSxGYbevftb16RJYNm3c87qV1z3tDXRj
2025-07-30 13:29:36,716 - INFO - X3qPC4HYu3DBSxGYbevftb16RJYNm3c87qV1z3tDXRj: Price ~$75251.094966448, Volume ~$150423.197014194
2025-07-30 13:29:36,716 - INFO - X3qPC4HYu3DBSxGYbevftb16RJYNm3c87qV1z3tDXRj classified as: unsuccessful
2025-07-30 13:29:38,719 - INFO - Completed batch 1, processed 1 tokens so far
2025-07-30 13:29:38,719 - INFO - Batch 2/5 (size=1)
2025-07-30 13:29:38,719 - INFO - Processing token: 4ZTzLk9dsmzLFSmT1tcFeLUyfKhuGPpWQPakkY8Hpump
2025-07-30 13:29:39,344 - INFO - Found 20 signatures for 4ZTzLk9dsmzLFSmT1tcFeLUyfKhuGPpWQPakkY8Hpump
2025-07-30 13:29:40,784 - INFO - Found 5 swap transactions for 4ZTzLk9dsmzLFSmT1tcFeLUyfKhuGPpWQPakkY8Hpump
2025-07-30 13:29:40,784 - INFO - 4ZTzLk9dsmzLFSmT1tcFeLUyfKhuGPpWQPakkY8Hpump: Price ~$999999.9997351001, Volume ~$4919464.6106901765
2025-07-30 13:29:40,784 - INFO - 4ZTzLk9dsmzLFSmT1tcFeLUyfKhuGPpWQPakkY8Hpump classified as: unsuccessful
2025-07-30 13:29:42,786 - INFO - Completed batch 2, processed 2 tokens so far
2025-07-30 13:29:42,786 - INFO - Batch 3/5 (size=1)
2025-07-30 13:29:42,788 - INFO - Processing token: 9Nj2NN9z1JxmSPDtJ7b2VWn3m8RgeZx2jAeGWTp2pump
2025-07-30 13:29:43,235 - INFO - Found 21 signatures for 9Nj2NN9z1JxmSPDtJ7b2VWn3m8RgeZx2jAeGWTp2pump
2025-07-30 13:29:44,699 - INFO - Found 2 swap transactions for 9Nj2NN9z1JxmSPDtJ7b2VWn3m8RgeZx2jAeGWTp2pump
2025-07-30 13:29:44,699 - INFO - 9Nj2NN9z1JxmSPDtJ7b2VWn3m8RgeZx2jAeGWTp2pump: Price ~$999999.999885742, Volume ~$1940220.018771484
2025-07-30 13:29:44,700 - INFO - 9Nj2NN9z1JxmSPDtJ7b2VWn3m8RgeZx2jAeGWTp2pump classified as: unsuccessful
2025-07-30 13:29:46,702 - INFO - Completed batch 3, processed 3 tokens so far
2025-07-30 13:29:46,702 - INFO - Batch 4/5 (size=1)
2025-07-30 13:29:46,702 - INFO - Processing token: H9kRfXFRK6vbfCkq4TpGbqxV1YUQUMcdL3aQHNV6pump
2025-07-30 13:29:47,126 - INFO - Found 50 signatures for H9kRfXFRK6vbfCkq4TpGbqxV1YUQUMcdL3aQHNV6pump
2025-07-30 13:29:48,598 - INFO - Found 2 swap transactions for H9kRfXFRK6vbfCkq4TpGbqxV1YUQUMcdL3aQHNV6pump
2025-07-30 13:29:48,598 - INFO - H9kRfXFRK6vbfCkq4TpGbqxV1YUQUMcdL3aQHNV6pump: Price ~$0.000218003, Volume ~$57.991633205
2025-07-30 13:29:48,599 - INFO - H9kRfXFRK6vbfCkq4TpGbqxV1YUQUMcdL3aQHNV6pump classified as: unsuccessful
2025-07-30 13:29:50,600 - INFO - Completed batch 4, processed 4 tokens so far
2025-07-30 13:29:50,600 - INFO - Batch 5/5 (size=1)
2025-07-30 13:29:50,600 - INFO - Processing token: BUeSBsAanxQeM3EdpPvb7pciEQ4TALRQNfp9HCGexfwG
2025-07-30 13:29:50,916 - INFO - Found 33 signatures for BUeSBsAanxQeM3EdpPvb7pciEQ4TALRQNfp9HCGexfwG
2025-07-30 13:29:52,321 - INFO - Found 6 swap transactions for BUeSBsAanxQeM3EdpPvb7pciEQ4TALRQNfp9HCGexfwG
2025-07-30 13:29:52,322 - INFO - BUeSBsAanxQeM3EdpPvb7pciEQ4TALRQNfp9HCGexfwG: Price ~$963.2737801483671, Volume ~$998.0399017912861
2025-07-30 13:29:52,322 - INFO - BUeSBsAanxQeM3EdpPvb7pciEQ4TALRQNfp9HCGexfwG classified as: unsuccessful
2025-07-30 13:29:54,323 - INFO - Completed batch 5, processed 5 tokens so far
2025-07-30 13:29:54,326 - INFO - Saved 5 labeled tokens → data_pipeline/label/real_onchain_labels_5_test.csv
